Compiling the C compiler identification source file "CMakeCCompilerId.c" failed.
Compiler: /home/setr/arm-cross-comp-env/arm-raspbian-linux-gnueabihf/bin/arm-raspbian-linux-gnueabihf-gcc 
Build flags: -Wl,-rpath-link,/home/setr/arm-cross-comp-env/arm-raspbian-linux-gnueabihf/arm-raspbian-linux-gnueabihf/sysroot/opt/vc/lib;-Wl,-rpath-link,/home/setr/arm-cross-comp-env/arm-raspbian-linux-gnueabihf/arm-raspbian-linux-gnueabihf/sysroot/lib/arm-linux-gnueabihf;-Wl,-rpath-link,/home/setr/arm-cross-comp-env/arm-raspbian-linux-gnueabihf/arm-raspbian-linux-gnueabihf/sysroot/usr/lib/arm-linux-gnueabihf;-Wl,-rpath-link,/home/setr/arm-cross-comp-env/arm-raspbian-linux-gnueabihf/arm-raspbian-linux-gnueabihf/sysroot/usr/local/lib
Id flags:  

The output was:
1
/home/setr/arm-cross-comp-env/arm-raspbian-linux-gnueabihf/lib/gcc/arm-raspbian-linux-gnueabihf/8.3.0/../../../../arm-raspbian-linux-gnueabihf/bin/ld: cannot find /lib/libc.so.6
collect2: error: ld returned 1 exit status


Compiling the CXX compiler identification source file "CMakeCXXCompilerId.cpp" failed.
Compiler: /home/setr/arm-cross-comp-env/arm-raspbian-linux-gnueabihf/bin/arm-raspbian-linux-gnueabihf-g++ 
Build flags: -Wl,-rpath-link,/home/setr/arm-cross-comp-env/arm-raspbian-linux-gnueabihf/arm-raspbian-linux-gnueabihf/sysroot/opt/vc/lib;-Wl,-rpath-link,/home/setr/arm-cross-comp-env/arm-raspbian-linux-gnueabihf/arm-raspbian-linux-gnueabihf/sysroot/lib/arm-linux-gnueabihf;-Wl,-rpath-link,/home/setr/arm-cross-comp-env/arm-raspbian-linux-gnueabihf/arm-raspbian-linux-gnueabihf/sysroot/usr/lib/arm-linux-gnueabihf;-Wl,-rpath-link,/home/setr/arm-cross-comp-env/arm-raspbian-linux-gnueabihf/arm-raspbian-linux-gnueabihf/sysroot/usr/local/lib
Id flags:  

The output was:
1
/home/setr/arm-cross-comp-env/arm-raspbian-linux-gnueabihf/lib/gcc/arm-raspbian-linux-gnueabihf/8.3.0/../../../../arm-raspbian-linux-gnueabihf/bin/ld: cannot find /lib/libc.so.6
collect2: error: ld returned 1 exit status


Determining if the C compiler works failed with the following output:
Change Dir: /home/setr/Bureau/lab2/laboratoire2/daemonFuse/build/CMakeFiles/CMakeTmp

Run Build Command(s):/usr/bin/gmake cmTC_99cb8/fast 
/usr/bin/gmake -f CMakeFiles/cmTC_99cb8.dir/build.make CMakeFiles/cmTC_99cb8.dir/build
gmake[1] : on entre dans le répertoire « /home/setr/Bureau/lab2/laboratoire2/daemonFuse/build/CMakeFiles/CMakeTmp »
Building C object CMakeFiles/cmTC_99cb8.dir/testCCompiler.c.o
/home/setr/arm-cross-comp-env/arm-raspbian-linux-gnueabihf/bin/arm-raspbian-linux-gnueabihf-gcc --sysroot=/home/setr/arm-cross-comp-env/arm-raspbian-linux-gnueabihf/arm-raspbian-linux-gnueabihf/sysroot   -Wl,-rpath-link,/home/setr/arm-cross-comp-env/arm-raspbian-linux-gnueabihf/arm-raspbian-linux-gnueabihf/sysroot/opt/vc/lib -Wl,-rpath-link,/home/setr/arm-cross-comp-env/arm-raspbian-linux-gnueabihf/arm-raspbian-linux-gnueabihf/sysroot/lib/arm-linux-gnueabihf -Wl,-rpath-link,/home/setr/arm-cross-comp-env/arm-raspbian-linux-gnueabihf/arm-raspbian-linux-gnueabihf/sysroot/usr/lib/arm-linux-gnueabihf -Wl,-rpath-link,/home/setr/arm-cross-comp-env/arm-raspbian-linux-gnueabihf/arm-raspbian-linux-gnueabihf/sysroot/usr/local/lib    -o CMakeFiles/cmTC_99cb8.dir/testCCompiler.c.o   -c /home/setr/Bureau/lab2/laboratoire2/daemonFuse/build/CMakeFiles/CMakeTmp/testCCompiler.c
Linking C executable cmTC_99cb8
/usr/bin/cmake -E cmake_link_script CMakeFiles/cmTC_99cb8.dir/link.txt --verbose=1
/home/setr/arm-cross-comp-env/arm-raspbian-linux-gnueabihf/bin/arm-raspbian-linux-gnueabihf-gcc --sysroot=/home/setr/arm-cross-comp-env/arm-raspbian-linux-gnueabihf/arm-raspbian-linux-gnueabihf/sysroot -Wl,-rpath-link,/home/setr/arm-cross-comp-env/arm-raspbian-linux-gnueabihf/arm-raspbian-linux-gnueabihf/sysroot/opt/vc/lib -Wl,-rpath-link,/home/setr/arm-cross-comp-env/arm-raspbian-linux-gnueabihf/arm-raspbian-linux-gnueabihf/sysroot/lib/arm-linux-gnueabihf -Wl,-rpath-link,/home/setr/arm-cross-comp-env/arm-raspbian-linux-gnueabihf/arm-raspbian-linux-gnueabihf/sysroot/usr/lib/arm-linux-gnueabihf -Wl,-rpath-link,/home/setr/arm-cross-comp-env/arm-raspbian-linux-gnueabihf/arm-raspbian-linux-gnueabihf/sysroot/usr/local/lib     -rdynamic CMakeFiles/cmTC_99cb8.dir/testCCompiler.c.o  -o cmTC_99cb8 
/home/setr/arm-cross-comp-env/arm-raspbian-linux-gnueabihf/lib/gcc/arm-raspbian-linux-gnueabihf/8.3.0/../../../../arm-raspbian-linux-gnueabihf/bin/ld: cannot find /lib/libc.so.6
collect2: error: ld returned 1 exit status
gmake[1]: *** [CMakeFiles/cmTC_99cb8.dir/build.make:87: cmTC_99cb8] Error 1
gmake[1] : on quitte le répertoire « /home/setr/Bureau/lab2/laboratoire2/daemonFuse/build/CMakeFiles/CMakeTmp »
gmake: *** [Makefile:121: cmTC_99cb8/fast] Error 2


Compiling the C compiler identification source file "CMakeCCompilerId.c" failed.
Compiler: /home/setr/arm-cross-comp-env/arm-raspbian-linux-gnueabihf/bin/arm-raspbian-linux-gnueabihf-gcc 
Build flags: -Wl,-rpath-link,/home/setr/arm-cross-comp-env/arm-raspbian-linux-gnueabihf/arm-raspbian-linux-gnueabihf/sysroot/opt/vc/lib;-Wl,-rpath-link,/home/setr/arm-cross-comp-env/arm-raspbian-linux-gnueabihf/arm-raspbian-linux-gnueabihf/sysroot/lib/arm-linux-gnueabihf;-Wl,-rpath-link,/home/setr/arm-cross-comp-env/arm-raspbian-linux-gnueabihf/arm-raspbian-linux-gnueabihf/sysroot/usr/lib/arm-linux-gnueabihf;-Wl,-rpath-link,/home/setr/arm-cross-comp-env/arm-raspbian-linux-gnueabihf/arm-raspbian-linux-gnueabihf/sysroot/usr/local/lib
Id flags:  

The output was:
1
/home/setr/arm-cross-comp-env/arm-raspbian-linux-gnueabihf/lib/gcc/arm-raspbian-linux-gnueabihf/8.3.0/../../../../arm-raspbian-linux-gnueabihf/bin/ld: cannot find /lib/libc.so.6
collect2: error: ld returned 1 exit status


Compiling the CXX compiler identification source file "CMakeCXXCompilerId.cpp" failed.
Compiler: /home/setr/arm-cross-comp-env/arm-raspbian-linux-gnueabihf/bin/arm-raspbian-linux-gnueabihf-g++ 
Build flags: -Wl,-rpath-link,/home/setr/arm-cross-comp-env/arm-raspbian-linux-gnueabihf/arm-raspbian-linux-gnueabihf/sysroot/opt/vc/lib;-Wl,-rpath-link,/home/setr/arm-cross-comp-env/arm-raspbian-linux-gnueabihf/arm-raspbian-linux-gnueabihf/sysroot/lib/arm-linux-gnueabihf;-Wl,-rpath-link,/home/setr/arm-cross-comp-env/arm-raspbian-linux-gnueabihf/arm-raspbian-linux-gnueabihf/sysroot/usr/lib/arm-linux-gnueabihf;-Wl,-rpath-link,/home/setr/arm-cross-comp-env/arm-raspbian-linux-gnueabihf/arm-raspbian-linux-gnueabihf/sysroot/usr/local/lib
Id flags:  

The output was:
1
/home/setr/arm-cross-comp-env/arm-raspbian-linux-gnueabihf/lib/gcc/arm-raspbian-linux-gnueabihf/8.3.0/../../../../arm-raspbian-linux-gnueabihf/bin/ld: cannot find /lib/libc.so.6
collect2: error: ld returned 1 exit status


Determining if the C compiler works failed with the following output:
Change Dir: /home/setr/Bureau/lab2/laboratoire2/daemonFuse/build/CMakeFiles/CMakeTmp

Run Build Command(s):/usr/bin/gmake cmTC_00d86/fast 
/usr/bin/gmake -f CMakeFiles/cmTC_00d86.dir/build.make CMakeFiles/cmTC_00d86.dir/build
gmake[1] : on entre dans le répertoire « /home/setr/Bureau/lab2/laboratoire2/daemonFuse/build/CMakeFiles/CMakeTmp »
Building C object CMakeFiles/cmTC_00d86.dir/testCCompiler.c.o
/home/setr/arm-cross-comp-env/arm-raspbian-linux-gnueabihf/bin/arm-raspbian-linux-gnueabihf-gcc --sysroot=/home/setr/arm-cross-comp-env/arm-raspbian-linux-gnueabihf/arm-raspbian-linux-gnueabihf/sysroot   -Wl,-rpath-link,/home/setr/arm-cross-comp-env/arm-raspbian-linux-gnueabihf/arm-raspbian-linux-gnueabihf/sysroot/opt/vc/lib -Wl,-rpath-link,/home/setr/arm-cross-comp-env/arm-raspbian-linux-gnueabihf/arm-raspbian-linux-gnueabihf/sysroot/lib/arm-linux-gnueabihf -Wl,-rpath-link,/home/setr/arm-cross-comp-env/arm-raspbian-linux-gnueabihf/arm-raspbian-linux-gnueabihf/sysroot/usr/lib/arm-linux-gnueabihf -Wl,-rpath-link,/home/setr/arm-cross-comp-env/arm-raspbian-linux-gnueabihf/arm-raspbian-linux-gnueabihf/sysroot/usr/local/lib    -o CMakeFiles/cmTC_00d86.dir/testCCompiler.c.o   -c /home/setr/Bureau/lab2/laboratoire2/daemonFuse/build/CMakeFiles/CMakeTmp/testCCompiler.c
Linking C executable cmTC_00d86
/usr/bin/cmake -E cmake_link_script CMakeFiles/cmTC_00d86.dir/link.txt --verbose=1
/home/setr/arm-cross-comp-env/arm-raspbian-linux-gnueabihf/bin/arm-raspbian-linux-gnueabihf-gcc --sysroot=/home/setr/arm-cross-comp-env/arm-raspbian-linux-gnueabihf/arm-raspbian-linux-gnueabihf/sysroot -Wl,-rpath-link,/home/setr/arm-cross-comp-env/arm-raspbian-linux-gnueabihf/arm-raspbian-linux-gnueabihf/sysroot/opt/vc/lib -Wl,-rpath-link,/home/setr/arm-cross-comp-env/arm-raspbian-linux-gnueabihf/arm-raspbian-linux-gnueabihf/sysroot/lib/arm-linux-gnueabihf -Wl,-rpath-link,/home/setr/arm-cross-comp-env/arm-raspbian-linux-gnueabihf/arm-raspbian-linux-gnueabihf/sysroot/usr/lib/arm-linux-gnueabihf -Wl,-rpath-link,/home/setr/arm-cross-comp-env/arm-raspbian-linux-gnueabihf/arm-raspbian-linux-gnueabihf/sysroot/usr/local/lib     -rdynamic CMakeFiles/cmTC_00d86.dir/testCCompiler.c.o  -o cmTC_00d86 
/home/setr/arm-cross-comp-env/arm-raspbian-linux-gnueabihf/lib/gcc/arm-raspbian-linux-gnueabihf/8.3.0/../../../../arm-raspbian-linux-gnueabihf/bin/ld: cannot find /lib/libc.so.6
collect2: error: ld returned 1 exit status
gmake[1]: *** [CMakeFiles/cmTC_00d86.dir/build.make:87: cmTC_00d86] Error 1
gmake[1] : on quitte le répertoire « /home/setr/Bureau/lab2/laboratoire2/daemonFuse/build/CMakeFiles/CMakeTmp »
gmake: *** [Makefile:121: cmTC_00d86/fast] Error 2


Compiling the C compiler identification source file "CMakeCCompilerId.c" failed.
Compiler: /home/setr/arm-cross-comp-env/arm-raspbian-linux-gnueabihf/bin/arm-raspbian-linux-gnueabihf-gcc 
Build flags: -Wl,-rpath-link,/home/setr/arm-cross-comp-env/arm-raspbian-linux-gnueabihf/arm-raspbian-linux-gnueabihf/sysroot/opt/vc/lib;-Wl,-rpath-link,/home/setr/arm-cross-comp-env/arm-raspbian-linux-gnueabihf/arm-raspbian-linux-gnueabihf/sysroot/lib/arm-linux-gnueabihf;-Wl,-rpath-link,/home/setr/arm-cross-comp-env/arm-raspbian-linux-gnueabihf/arm-raspbian-linux-gnueabihf/sysroot/usr/lib/arm-linux-gnueabihf;-Wl,-rpath-link,/home/setr/arm-cross-comp-env/arm-raspbian-linux-gnueabihf/arm-raspbian-linux-gnueabihf/sysroot/usr/local/lib
Id flags:  

The output was:
1
/home/setr/arm-cross-comp-env/arm-raspbian-linux-gnueabihf/lib/gcc/arm-raspbian-linux-gnueabihf/8.3.0/../../../../arm-raspbian-linux-gnueabihf/bin/ld: cannot find /lib/libc.so.6
collect2: error: ld returned 1 exit status


Compiling the CXX compiler identification source file "CMakeCXXCompilerId.cpp" failed.
Compiler: /home/setr/arm-cross-comp-env/arm-raspbian-linux-gnueabihf/bin/arm-raspbian-linux-gnueabihf-g++ 
Build flags: -Wl,-rpath-link,/home/setr/arm-cross-comp-env/arm-raspbian-linux-gnueabihf/arm-raspbian-linux-gnueabihf/sysroot/opt/vc/lib;-Wl,-rpath-link,/home/setr/arm-cross-comp-env/arm-raspbian-linux-gnueabihf/arm-raspbian-linux-gnueabihf/sysroot/lib/arm-linux-gnueabihf;-Wl,-rpath-link,/home/setr/arm-cross-comp-env/arm-raspbian-linux-gnueabihf/arm-raspbian-linux-gnueabihf/sysroot/usr/lib/arm-linux-gnueabihf;-Wl,-rpath-link,/home/setr/arm-cross-comp-env/arm-raspbian-linux-gnueabihf/arm-raspbian-linux-gnueabihf/sysroot/usr/local/lib
Id flags:  

The output was:
1
/home/setr/arm-cross-comp-env/arm-raspbian-linux-gnueabihf/lib/gcc/arm-raspbian-linux-gnueabihf/8.3.0/../../../../arm-raspbian-linux-gnueabihf/bin/ld: cannot find /lib/libc.so.6
collect2: error: ld returned 1 exit status


Determining if the C compiler works failed with the following output:
Change Dir: /home/setr/Bureau/lab2/laboratoire2/daemonFuse/build/CMakeFiles/CMakeTmp

Run Build Command(s):/usr/bin/gmake cmTC_08fea/fast 
/usr/bin/gmake -f CMakeFiles/cmTC_08fea.dir/build.make CMakeFiles/cmTC_08fea.dir/build
gmake[1] : on entre dans le répertoire « /home/setr/Bureau/lab2/laboratoire2/daemonFuse/build/CMakeFiles/CMakeTmp »
Building C object CMakeFiles/cmTC_08fea.dir/testCCompiler.c.o
/home/setr/arm-cross-comp-env/arm-raspbian-linux-gnueabihf/bin/arm-raspbian-linux-gnueabihf-gcc --sysroot=/home/setr/arm-cross-comp-env/arm-raspbian-linux-gnueabihf/arm-raspbian-linux-gnueabihf/sysroot   -Wl,-rpath-link,/home/setr/arm-cross-comp-env/arm-raspbian-linux-gnueabihf/arm-raspbian-linux-gnueabihf/sysroot/opt/vc/lib -Wl,-rpath-link,/home/setr/arm-cross-comp-env/arm-raspbian-linux-gnueabihf/arm-raspbian-linux-gnueabihf/sysroot/lib/arm-linux-gnueabihf -Wl,-rpath-link,/home/setr/arm-cross-comp-env/arm-raspbian-linux-gnueabihf/arm-raspbian-linux-gnueabihf/sysroot/usr/lib/arm-linux-gnueabihf -Wl,-rpath-link,/home/setr/arm-cross-comp-env/arm-raspbian-linux-gnueabihf/arm-raspbian-linux-gnueabihf/sysroot/usr/local/lib    -o CMakeFiles/cmTC_08fea.dir/testCCompiler.c.o   -c /home/setr/Bureau/lab2/laboratoire2/daemonFuse/build/CMakeFiles/CMakeTmp/testCCompiler.c
Linking C executable cmTC_08fea
/usr/bin/cmake -E cmake_link_script CMakeFiles/cmTC_08fea.dir/link.txt --verbose=1
/home/setr/arm-cross-comp-env/arm-raspbian-linux-gnueabihf/bin/arm-raspbian-linux-gnueabihf-gcc --sysroot=/home/setr/arm-cross-comp-env/arm-raspbian-linux-gnueabihf/arm-raspbian-linux-gnueabihf/sysroot -Wl,-rpath-link,/home/setr/arm-cross-comp-env/arm-raspbian-linux-gnueabihf/arm-raspbian-linux-gnueabihf/sysroot/opt/vc/lib -Wl,-rpath-link,/home/setr/arm-cross-comp-env/arm-raspbian-linux-gnueabihf/arm-raspbian-linux-gnueabihf/sysroot/lib/arm-linux-gnueabihf -Wl,-rpath-link,/home/setr/arm-cross-comp-env/arm-raspbian-linux-gnueabihf/arm-raspbian-linux-gnueabihf/sysroot/usr/lib/arm-linux-gnueabihf -Wl,-rpath-link,/home/setr/arm-cross-comp-env/arm-raspbian-linux-gnueabihf/arm-raspbian-linux-gnueabihf/sysroot/usr/local/lib     -rdynamic CMakeFiles/cmTC_08fea.dir/testCCompiler.c.o  -o cmTC_08fea 
/home/setr/arm-cross-comp-env/arm-raspbian-linux-gnueabihf/lib/gcc/arm-raspbian-linux-gnueabihf/8.3.0/../../../../arm-raspbian-linux-gnueabihf/bin/ld: cannot find /lib/libc.so.6
collect2: error: ld returned 1 exit status
gmake[1]: *** [CMakeFiles/cmTC_08fea.dir/build.make:87: cmTC_08fea] Error 1
gmake[1] : on quitte le répertoire « /home/setr/Bureau/lab2/laboratoire2/daemonFuse/build/CMakeFiles/CMakeTmp »
gmake: *** [Makefile:121: cmTC_08fea/fast] Error 2


